CS240: lab4. cs240 Tue Oct 13 21:53:11 EDT 2015  Total:  9 of 100

CS240: lab4. cs240 Tue Oct 13 21:57:46 EDT 2015  Total:  10 of 100

CS240: lab4. cs240 Tue Oct 13 21:58:16 EDT 2015  Total:  -11 of 79

CS240: lab4. cs240 Tue Oct 13 22:00:08 EDT 2015  Total:  -14 of 64

CS240: lab4. cs240 Tue Oct 13 22:00:41 EDT 2015  Total:  -14 of 64

CS240: lab5. cs240 Tue Oct 13 22:01:11 EDT 2015  Total:  6 of 64

CS240: lab5. jamgalan Thu Oct 15 13:50:13 EDT 2015  Total:  9 of 64

CS240: lab5. jamgalan Thu Oct 15 13:50:41 EDT 2015  Total:  9 of 64

CS240: lab5. jamgalan Thu Oct 15 13:51:34 EDT 2015  Total:  9 of 64

CS240: lab5. jamgalan Thu Oct 15 14:07:25 EDT 2015  Total:  9 of 64

CS240: lab5. jamgalan Thu Oct 15 14:33:13 EDT 2015  Total:  9 of 64

CS240: lab5. jamgalan Thu Oct 15 14:41:25 EDT 2015  Total:  12 of 64

CS240: lab5. jamgalan Thu Oct 15 15:03:55 EDT 2015  Total:  15 of 64

CS240: lab5. jamgalan Thu Oct 15 15:08:03 EDT 2015  Total:  18 of 64

CS240: lab5. jamgalan Thu Oct 15 15:09:48 EDT 2015  Total:  21 of 64

CS240: lab5. jamgalan Thu Oct 15 15:22:41 EDT 2015  Total:  21 of 64

CS240: lab5. jamgalan Thu Oct 15 15:23:23 EDT 2015  Total:  21 of 64

CS240: lab5. jamgalan Thu Oct 22 13:52:35 EDT 2015  Total:  21 of 64

CS240: lab5. jamgalan Thu Oct 22 14:18:02 EDT 2015  Total:  18 of 64

CS240: lab5. jamgalan Thu Oct 22 14:21:03 EDT 2015  Total:  18 of 64

CS240: lab5. jamgalan Thu Oct 22 14:26:05 EDT 2015  Total:  18 of 64

CS240: lab5. jamgalan Mon Oct 26 22:10:49 EDT 2015  Total:  21 of 64

CS240: lab5. jamgalan Mon Oct 26 22:16:34 EDT 2015  Total:  21 of 64

CS240: lab5. jamgalan Mon Oct 26 22:19:29 EDT 2015  Total:  21 of 64

CS240: lab5. jamgalan Mon Oct 26 22:20:47 EDT 2015  Total:  21 of 64

CS240: lab5. jamgalan Tue Oct 27 23:56:52 EDT 2015  Total:  21 of 64

CS240: lab5. jamgalan Wed Oct 28 00:10:34 EDT 2015  Total:  21 of 64

CS240: lab5. jamgalan Wed Oct 28 18:20:48 EDT 2015  Total:  21 of 64

CS240: lab5. jamgalan Wed Oct 28 18:21:48 EDT 2015  Total:  24 of 64

CS240: lab5. jamgalan Wed Oct 28 18:44:12 EDT 2015  Total:  32 of 64

CS240: lab5. jamgalan Wed Oct 28 19:01:55 EDT 2015  Total:  32 of 64

CS240: lab5. jamgalan Wed Oct 28 19:12:41 EDT 2015  Total:  32 of 64

CS240: lab5. jamgalan Wed Oct 28 19:16:17 EDT 2015  Total:  32 of 64

CS240: lab5. jamgalan Wed Oct 28 20:26:41 EDT 2015  Total:  32 of 64

CS240: lab5. jamgalan Wed Oct 28 20:41:57 EDT 2015  Total:  38 of 64

CS240: lab5. jamgalan Wed Oct 28 20:42:23 EDT 2015  Total:  38 of 64

CS240: lab5. jamgalan Wed Oct 28 20:42:48 EDT 2015  Total:  38 of 64

CS240: lab5. jamgalan Wed Oct 28 20:54:52 EDT 2015  Total:  41 of 64

CS240: lab5. jamgalan Wed Oct 28 20:58:34 EDT 2015  Total:  41 of 64

CS240: lab5. jamgalan Wed Oct 28 21:12:51 EDT 2015  Total:  41 of 64

CS240: lab5. jamgalan Wed Oct 28 21:22:16 EDT 2015  Total:  41 of 64

CS240: lab5. jamgalan Wed Oct 28 21:26:16 EDT 2015  Total:  41 of 64

CS240: lab5. jamgalan Wed Oct 28 21:31:08 EDT 2015  Total:  41 of 64

CS240: lab5. jamgalan Wed Oct 28 21:32:20 EDT 2015  Total:  41 of 64

CS240: lab5. jamgalan Wed Oct 28 21:36:22 EDT 2015  Total:  41 of 64

CS240: lab5. jamgalan Wed Oct 28 21:40:08 EDT 2015  Total:  41 of 64

CS240: lab5. jamgalan Wed Oct 28 21:42:05 EDT 2015  Total:  41 of 64

CS240: lab5. jamgalan Wed Oct 28 21:48:09 EDT 2015  Total:  44 of 64

CS240: lab5. jamgalan Wed Oct 28 22:08:20 EDT 2015  Total:  44 of 64

CS240: lab5. jamgalan Thu Oct 29 14:12:25 EDT 2015  Total:  44 of 64

CS240: lab5. jamgalan Wed Nov 4 16:25:49 EST 2015  Total:  50 of 64

CS240: lab5. jamgalan Wed Nov 4 19:04:14 EST 2015  Total:  50 of 64

CS240: lab5. jamgalan Wed Nov 4 19:07:47 EST 2015  Total:  50 of 64

CS240: lab5. jamgalan Wed Nov 4 19:11:34 EST 2015  Total:  50 of 64

CS240: lab5. jamgalan Wed Nov 4 19:16:01 EST 2015  Total:  64 of 64

CS240: lab5. jamgalan Thu Nov 5 09:30:48 EST 2015  Total:  64 of 64

