[master 101b48b] 0 of 21
 Committer: CS24000 Account <cs240@data.cs.purdue.edu>
Your name and email address were configured automatically based
on your username and hostname. Please check that they are accurate.
You can suppress this message by setting them explicitly. Run the
following command and follow the instructions in your editor to edit
your configuration file:

    git config --global --edit

After doing this, you may fix the identity used for this commit with:

    git commit --amend --reset-author

 1 file changed, 3 deletions(-)
 delete mode 100644 problems/dllist-src/total.out
[master cc84f3e] 0 of 21
 Committer: CS24000 Account <cs240@data.cs.purdue.edu>
Your name and email address were configured automatically based
on your username and hostname. Please check that they are accurate.
You can suppress this message by setting them explicitly. Run the
following command and follow the instructions in your editor to edit
your configuration file:

    git config --global --edit

After doing this, you may fix the identity used for this commit with:

    git commit --amend --reset-author

 1 file changed, 3 deletions(-)
 delete mode 100644 problems/dllist-src/total.out
On branch master
Untracked files:
	../arraylist-src/.local.git.out
	../arraylist-src/.local.total.out
	../arraylist-src/Makefile
	../arraylist-src/mytest.org
	../arraylist-src/none
	../arraylist-src/testall
	../dllist-src/.local.git.out
	../dllist-src/Makefile
	../dllist-src/mytest.org
	../dllist-src/testall
	./
	../../testall
	../../tester/
	../../totalGrade.txt

nothing added to commit but untracked files present
On branch master
Untracked files:
	../arraylist-src/.local.git.out
	../arraylist-src/.local.total.out
	../arraylist-src/Makefile
	../arraylist-src/mytest.org
	../arraylist-src/none
	../arraylist-src/testall
	../dllist-src/.local.git.out
	../dllist-src/Makefile
	../dllist-src/mytest.org
	../dllist-src/testall
	./
	../../testall
	../../tester/
	../../totalGrade.txt

nothing added to commit but untracked files present
On branch master
Untracked files:
	../arraylist-src/.local.git.out
	../arraylist-src/.local.total.out
	../arraylist-src/Makefile
	../arraylist-src/mytest.org
	../arraylist-src/none
	../arraylist-src/testall
	../dllist-src/.local.git.out
	../dllist-src/Makefile
	../dllist-src/mytest.org
	../dllist-src/testall
	./
	../../testall
	../../tester/
	../../totalGrade.txt

nothing added to commit but untracked files present
On branch master
Untracked files:
	../arraylist-src/.local.git.out
	../arraylist-src/.local.total.out
	../arraylist-src/Makefile
	../arraylist-src/mytest.org
	../arraylist-src/none
	../arraylist-src/testall
	../dllist-src/.local.git.out
	../dllist-src/Makefile
	../dllist-src/mytest.org
	../dllist-src/testall
	./
	../../testall
	../../tester/
	../../totalGrade.txt

nothing added to commit but untracked files present
On branch master
Untracked files:
	../arraylist-src/.local.git.out
	../arraylist-src/.local.total.out
	../arraylist-src/Makefile
	../arraylist-src/mytest.org
	../arraylist-src/none
	../arraylist-src/testall
	../dllist-src/.local.git.out
	../dllist-src/Makefile
	../dllist-src/mytest.org
	../dllist-src/testall
	./
	../../testall
	../../tester/
	../../totalGrade.txt

nothing added to commit but untracked files present
On branch master
Untracked files:
	../arraylist-src/.local.git.out
	../arraylist-src/.local.total.out
	../arraylist-src/Makefile
	../arraylist-src/mytest.org
	../arraylist-src/none
	../arraylist-src/testall
	../dllist-src/.local.git.out
	../dllist-src/Makefile
	../dllist-src/mytest.org
	../dllist-src/testall
	./
	../../testall
	../../tester/
	../../totalGrade.txt

nothing added to commit but untracked files present
[master d00055d] 0 of 21
 Committer: CS24000 Account <cs240@data.cs.purdue.edu>
Your name and email address were configured automatically based
on your username and hostname. Please check that they are accurate.
You can suppress this message by setting them explicitly. Run the
following command and follow the instructions in your editor to edit
your configuration file:

    git config --global --edit

After doing this, you may fix the identity used for this commit with:

    git commit --amend --reset-author

 4 files changed, 258 insertions(+)
 create mode 100644 problems/mysort-src/mysort.c
 create mode 100644 problems/mysort-src/mysort.h
 create mode 100644 problems/mysort-src/mytest.c
 create mode 100644 problems/mysort-src/total.out
[master 738ff6a] 0 of 21
 Committer: CS24000 Account <cs240@data.cs.purdue.edu>
Your name and email address were configured automatically based
on your username and hostname. Please check that they are accurate.
You can suppress this message by setting them explicitly. Run the
following command and follow the instructions in your editor to edit
your configuration file:

    git config --global --edit

After doing this, you may fix the identity used for this commit with:

    git commit --amend --reset-author

 2 files changed, 1 insertion(+), 4 deletions(-)
 delete mode 100644 problems/dllist-src/total.out
[master 344a39b] 0 of 21
 Committer: CS24000 Account <cs240@data.cs.purdue.edu>
Your name and email address were configured automatically based
on your username and hostname. Please check that they are accurate.
You can suppress this message by setting them explicitly. Run the
following command and follow the instructions in your editor to edit
your configuration file:

    git config --global --edit

After doing this, you may fix the identity used for this commit with:

    git commit --amend --reset-author

 1 file changed, 0 insertions(+), 0 deletions(-)
 rename problems/{dllist-src => mysort-src}/total.out (100%)
[master c11048a] 0 of 21
 Committer: CS24000 Account <cs240@data.cs.purdue.edu>
Your name and email address were configured automatically based
on your username and hostname. Please check that they are accurate.
You can suppress this message by setting them explicitly. Run the
following command and follow the instructions in your editor to edit
your configuration file:

    git config --global --edit

After doing this, you may fix the identity used for this commit with:

    git commit --amend --reset-author

 2 files changed, 3 insertions(+), 3 deletions(-)
 delete mode 100644 problems/dllist-src/total.out
 create mode 100644 problems/mysort-src/total.out
[master d9df4b3] 0 of 21
 Committer: CS24000 Account <cs240@data.cs.purdue.edu>
Your name and email address were configured automatically based
on your username and hostname. Please check that they are accurate.
You can suppress this message by setting them explicitly. Run the
following command and follow the instructions in your editor to edit
your configuration file:

    git config --global --edit

After doing this, you may fix the identity used for this commit with:

    git commit --amend --reset-author

 2 files changed, 3 insertions(+), 3 deletions(-)
 delete mode 100644 problems/dllist-src/total.out
 create mode 100644 problems/mysort-src/total.out
[master 76569a4] 0 of 21
 Committer: CS24000 Account <cs240@data.cs.purdue.edu>
Your name and email address were configured automatically based
on your username and hostname. Please check that they are accurate.
You can suppress this message by setting them explicitly. Run the
following command and follow the instructions in your editor to edit
your configuration file:

    git config --global --edit

After doing this, you may fix the identity used for this commit with:

    git commit --amend --reset-author

 1 file changed, 0 insertions(+), 0 deletions(-)
 rename problems/{dllist-src => mysort-src}/total.out (100%)
[master 8e68766] 0 of 21
 Committer: CS24000 Account <cs240@data.cs.purdue.edu>
Your name and email address were configured automatically based
on your username and hostname. Please check that they are accurate.
You can suppress this message by setting them explicitly. Run the
following command and follow the instructions in your editor to edit
your configuration file:

    git config --global --edit

After doing this, you may fix the identity used for this commit with:

    git commit --amend --reset-author

 2 files changed, 3 insertions(+), 3 deletions(-)
 delete mode 100644 problems/dllist-src/total.out
 create mode 100644 problems/mysort-src/total.out
[master 011ff8c] 0 of 21
 Committer: CS24000 Account <cs240@data.cs.purdue.edu>
Your name and email address were configured automatically based
on your username and hostname. Please check that they are accurate.
You can suppress this message by setting them explicitly. Run the
following command and follow the instructions in your editor to edit
your configuration file:

    git config --global --edit

After doing this, you may fix the identity used for this commit with:

    git commit --amend --reset-author

 1 file changed, 0 insertions(+), 0 deletions(-)
 rename problems/{dllist-src => mysort-src}/total.out (100%)
[master eca3b3e] 0 of 21
 Committer: CS24000 Account <cs240@data.cs.purdue.edu>
Your name and email address were configured automatically based
on your username and hostname. Please check that they are accurate.
You can suppress this message by setting them explicitly. Run the
following command and follow the instructions in your editor to edit
your configuration file:

    git config --global --edit

After doing this, you may fix the identity used for this commit with:

    git commit --amend --reset-author

 1 file changed, 1 insertion(+), 1 deletion(-)
[master 234aa89] 0 of 21
 Committer: CS24000 Account <cs240@data.cs.purdue.edu>
Your name and email address were configured automatically based
on your username and hostname. Please check that they are accurate.
You can suppress this message by setting them explicitly. Run the
following command and follow the instructions in your editor to edit
your configuration file:

    git config --global --edit

After doing this, you may fix the identity used for this commit with:

    git commit --amend --reset-author

 1 file changed, 1 insertion(+), 1 deletion(-)
[master 378c267] 0 of 21
 Committer: CS24000 Account <cs240@data.cs.purdue.edu>
Your name and email address were configured automatically based
on your username and hostname. Please check that they are accurate.
You can suppress this message by setting them explicitly. Run the
following command and follow the instructions in your editor to edit
your configuration file:

    git config --global --edit

After doing this, you may fix the identity used for this commit with:

    git commit --amend --reset-author

 1 file changed, 1 insertion(+), 1 deletion(-)
[master b16d28e] 0 of 21
 Committer: CS24000 Account <cs240@data.cs.purdue.edu>
Your name and email address were configured automatically based
on your username and hostname. Please check that they are accurate.
You can suppress this message by setting them explicitly. Run the
following command and follow the instructions in your editor to edit
your configuration file:

    git config --global --edit

After doing this, you may fix the identity used for this commit with:

    git commit --amend --reset-author

 1 file changed, 1 insertion(+), 1 deletion(-)
[master 8ea9a3c] 0 of 21
 Committer: CS24000 Account <cs240@data.cs.purdue.edu>
Your name and email address were configured automatically based
on your username and hostname. Please check that they are accurate.
You can suppress this message by setting them explicitly. Run the
following command and follow the instructions in your editor to edit
your configuration file:

    git config --global --edit

After doing this, you may fix the identity used for this commit with:

    git commit --amend --reset-author

 1 file changed, 1 insertion(+), 1 deletion(-)
[master 18a84d4] 0 of 21
 Committer: CS24000 Account <cs240@data.cs.purdue.edu>
Your name and email address were configured automatically based
on your username and hostname. Please check that they are accurate.
You can suppress this message by setting them explicitly. Run the
following command and follow the instructions in your editor to edit
your configuration file:

    git config --global --edit

After doing this, you may fix the identity used for this commit with:

    git commit --amend --reset-author

 1 file changed, 1 insertion(+), 1 deletion(-)
[master 5fdcd87] 0 of 21
 Committer: CS24000 Account <cs240@data.cs.purdue.edu>
Your name and email address were configured automatically based
on your username and hostname. Please check that they are accurate.
You can suppress this message by setting them explicitly. Run the
following command and follow the instructions in your editor to edit
your configuration file:

    git config --global --edit

After doing this, you may fix the identity used for this commit with:

    git commit --amend --reset-author

 1 file changed, 1 insertion(+), 1 deletion(-)
[master 4a2dadf] 0 of 21
 Committer: CS24000 Account <cs240@data.cs.purdue.edu>
Your name and email address were configured automatically based
on your username and hostname. Please check that they are accurate.
You can suppress this message by setting them explicitly. Run the
following command and follow the instructions in your editor to edit
your configuration file:

    git config --global --edit

After doing this, you may fix the identity used for this commit with:

    git commit --amend --reset-author

 2 files changed, 1 insertion(+), 4 deletions(-)
 delete mode 100644 problems/dllist-src/total.out
[master e9e6b26] 0 of 21
 Committer: CS24000 Account <cs240@data.cs.purdue.edu>
Your name and email address were configured automatically based
on your username and hostname. Please check that they are accurate.
You can suppress this message by setting them explicitly. Run the
following command and follow the instructions in your editor to edit
your configuration file:

    git config --global --edit

After doing this, you may fix the identity used for this commit with:

    git commit --amend --reset-author

 1 file changed, 1 insertion(+), 1 deletion(-)
 rename problems/{dllist-src => mysort-src}/total.out (52%)
[master 3f18ceb] 0 of 21
 Committer: CS24000 Account <cs240@data.cs.purdue.edu>
Your name and email address were configured automatically based
on your username and hostname. Please check that they are accurate.
You can suppress this message by setting them explicitly. Run the
following command and follow the instructions in your editor to edit
your configuration file:

    git config --global --edit

After doing this, you may fix the identity used for this commit with:

    git commit --amend --reset-author

 1 file changed, 3 insertions(+)
 create mode 100644 problems/mysort-src/total.out
[master c5eac26] 0 of 21
 Committer: CS24000 Account <cs240@data.cs.purdue.edu>
Your name and email address were configured automatically based
on your username and hostname. Please check that they are accurate.
You can suppress this message by setting them explicitly. Run the
following command and follow the instructions in your editor to edit
your configuration file:

    git config --global --edit

After doing this, you may fix the identity used for this commit with:

    git commit --amend --reset-author

 4 files changed, 258 insertions(+)
 create mode 100644 problems/mysort-src/mysort.c
 create mode 100644 problems/mysort-src/mysort.h
 create mode 100644 problems/mysort-src/mytest.c
 create mode 100644 problems/mysort-src/total.out
[master 65117bf] 18 of 21
 Committer: Jantsankhorloo Amgalan <jamgalan@data.cs.purdue.edu>
Your name and email address were configured automatically based
on your username and hostname. Please check that they are accurate.
You can suppress this message by setting them explicitly. Run the
following command and follow the instructions in your editor to edit
your configuration file:

    git config --global --edit

After doing this, you may fix the identity used for this commit with:

    git commit --amend --reset-author

 2 files changed, 30 insertions(+)
 create mode 100644 problems/mysort-src/total.out
[master fd2b9c2] 18 of 21
 Committer: Jantsankhorloo Amgalan <jamgalan@data.cs.purdue.edu>
Your name and email address were configured automatically based
on your username and hostname. Please check that they are accurate.
You can suppress this message by setting them explicitly. Run the
following command and follow the instructions in your editor to edit
your configuration file:

    git config --global --edit

After doing this, you may fix the identity used for this commit with:

    git commit --amend --reset-author

 2 files changed, 3 insertions(+), 3 deletions(-)
[master 6c6ff05] 0 of 21
 Committer: Jantsankhorloo Amgalan <jamgalan@data.cs.purdue.edu>
Your name and email address were configured automatically based
on your username and hostname. Please check that they are accurate.
You can suppress this message by setting them explicitly. Run the
following command and follow the instructions in your editor to edit
your configuration file:

    git config --global --edit

After doing this, you may fix the identity used for this commit with:

    git commit --amend --reset-author

 2 files changed, 4 insertions(+), 4 deletions(-)
[master 79fb6d5] 18 of 21
 Committer: Jantsankhorloo Amgalan <jamgalan@data.cs.purdue.edu>
Your name and email address were configured automatically based
on your username and hostname. Please check that they are accurate.
You can suppress this message by setting them explicitly. Run the
following command and follow the instructions in your editor to edit
your configuration file:

    git config --global --edit

After doing this, you may fix the identity used for this commit with:

    git commit --amend --reset-author

 2 files changed, 4 insertions(+), 4 deletions(-)
[master 2d2dca5] 18 of 21
 Committer: Jantsankhorloo Amgalan <jamgalan@data.cs.purdue.edu>
Your name and email address were configured automatically based
on your username and hostname. Please check that they are accurate.
You can suppress this message by setting them explicitly. Run the
following command and follow the instructions in your editor to edit
your configuration file:

    git config --global --edit

After doing this, you may fix the identity used for this commit with:

    git commit --amend --reset-author

 2 files changed, 29 insertions(+), 2 deletions(-)
[master fd1d855] 6 of 21
 Committer: Jantsankhorloo Amgalan <jamgalan@data.cs.purdue.edu>
Your name and email address were configured automatically based
on your username and hostname. Please check that they are accurate.
You can suppress this message by setting them explicitly. Run the
following command and follow the instructions in your editor to edit
your configuration file:

    git config --global --edit

After doing this, you may fix the identity used for this commit with:

    git commit --amend --reset-author

 2 files changed, 4 insertions(+), 4 deletions(-)
[master fe95c91] 6 of 21
 Committer: Jantsankhorloo Amgalan <jamgalan@data.cs.purdue.edu>
Your name and email address were configured automatically based
on your username and hostname. Please check that they are accurate.
You can suppress this message by setting them explicitly. Run the
following command and follow the instructions in your editor to edit
your configuration file:

    git config --global --edit

After doing this, you may fix the identity used for this commit with:

    git commit --amend --reset-author

 1 file changed, 1 insertion(+), 1 deletion(-)
[master 6904472] 18 of 21
 Committer: Jantsankhorloo Amgalan <jamgalan@data.cs.purdue.edu>
Your name and email address were configured automatically based
on your username and hostname. Please check that they are accurate.
You can suppress this message by setting them explicitly. Run the
following command and follow the instructions in your editor to edit
your configuration file:

    git config --global --edit

After doing this, you may fix the identity used for this commit with:

    git commit --amend --reset-author

 2 files changed, 4 insertions(+), 4 deletions(-)
[master 40b18db] 18 of 21
 Committer: Jantsankhorloo Amgalan <jamgalan@data.cs.purdue.edu>
Your name and email address were configured automatically based
on your username and hostname. Please check that they are accurate.
You can suppress this message by setting them explicitly. Run the
following command and follow the instructions in your editor to edit
your configuration file:

    git config --global --edit

After doing this, you may fix the identity used for this commit with:

    git commit --amend --reset-author

 2 files changed, 1 insertion(+), 4 deletions(-)
 delete mode 100644 problems/dllist-src/total.out
[master f453946] 18 of 21
 Committer: Jantsankhorloo Amgalan <jamgalan@data.cs.purdue.edu>
Your name and email address were configured automatically based
on your username and hostname. Please check that they are accurate.
You can suppress this message by setting them explicitly. Run the
following command and follow the instructions in your editor to edit
your configuration file:

    git config --global --edit

After doing this, you may fix the identity used for this commit with:

    git commit --amend --reset-author

 2 files changed, 3 insertions(+), 3 deletions(-)
 delete mode 100644 problems/dllist-src/total.out
 create mode 100644 problems/mysort-src/total.out
[master d1259ab] 18 of 21
 Committer: Jantsankhorloo Amgalan <jamgalan@data.cs.purdue.edu>
Your name and email address were configured automatically based
on your username and hostname. Please check that they are accurate.
You can suppress this message by setting them explicitly. Run the
following command and follow the instructions in your editor to edit
your configuration file:

    git config --global --edit

After doing this, you may fix the identity used for this commit with:

    git commit --amend --reset-author

 2 files changed, 3 insertions(+), 3 deletions(-)
 delete mode 100644 problems/dllist-src/total.out
 create mode 100644 problems/mysort-src/total.out
[master edb093e] 18 of 21
 Committer: Jantsankhorloo Amgalan <jamgalan@data.cs.purdue.edu>
Your name and email address were configured automatically based
on your username and hostname. Please check that they are accurate.
You can suppress this message by setting them explicitly. Run the
following command and follow the instructions in your editor to edit
your configuration file:

    git config --global --edit

After doing this, you may fix the identity used for this commit with:

    git commit --amend --reset-author

 2 files changed, 3 insertions(+), 3 deletions(-)
 delete mode 100644 problems/dllist-src/total.out
 create mode 100644 problems/mysort-src/total.out
[master 63e326a] 18 of 21
 Committer: Jantsankhorloo Amgalan <jamgalan@sslab20.cs.purdue.edu>
Your name and email address were configured automatically based
on your username and hostname. Please check that they are accurate.
You can suppress this message by setting them explicitly. Run the
following command and follow the instructions in your editor to edit
your configuration file:

    git config --global --edit

After doing this, you may fix the identity used for this commit with:

    git commit --amend --reset-author

 1 file changed, 3 insertions(+)
 create mode 100644 problems/mysort-src/total.out
[master bf1662e] 18 of 21
 Committer: Jantsankhorloo Amgalan <jamgalan@sslab20.cs.purdue.edu>
Your name and email address were configured automatically based
on your username and hostname. Please check that they are accurate.
You can suppress this message by setting them explicitly. Run the
following command and follow the instructions in your editor to edit
your configuration file:

    git config --global --edit

After doing this, you may fix the identity used for this commit with:

    git commit --amend --reset-author

 3 files changed, 4 insertions(+), 2 deletions(-)
[master a9877f1] 18 of 21
 Committer: Jantsankhorloo Amgalan <jamgalan@sslab20.cs.purdue.edu>
Your name and email address were configured automatically based
on your username and hostname. Please check that they are accurate.
You can suppress this message by setting them explicitly. Run the
following command and follow the instructions in your editor to edit
your configuration file:

    git config --global --edit

After doing this, you may fix the identity used for this commit with:

    git commit --amend --reset-author

 2 files changed, 5 insertions(+), 2 deletions(-)
[master 951b7a0] 21 of 21
 Committer: Jantsankhorloo Amgalan <jamgalan@sslab20.cs.purdue.edu>
Your name and email address were configured automatically based
on your username and hostname. Please check that they are accurate.
You can suppress this message by setting them explicitly. Run the
following command and follow the instructions in your editor to edit
your configuration file:

    git config --global --edit

After doing this, you may fix the identity used for this commit with:

    git commit --amend --reset-author

 2 files changed, 9 insertions(+), 3 deletions(-)
[master b119fc9] 21 of 21
 Committer: Jantsankhorloo Amgalan <jamgalan@sslab20.cs.purdue.edu>
Your name and email address were configured automatically based
on your username and hostname. Please check that they are accurate.
You can suppress this message by setting them explicitly. Run the
following command and follow the instructions in your editor to edit
your configuration file:

    git config --global --edit

After doing this, you may fix the identity used for this commit with:

    git commit --amend --reset-author

 2 files changed, 1 insertion(+), 4 deletions(-)
 delete mode 100644 problems/dllist-src/total.out
